This is pdfTeX, Version 3.141592653-2.6-1.40.25 (TeX Live 2023) (preloaded format=pdflatex 2023.8.13)  28 AUG 2023 00:39
entering extended mode
 restricted \write18 enabled.
 %&-line parsing enabled.
**assignment3_report_v2.tex
(./assignment3_report_v2.tex
LaTeX2e <2023-06-01> patch level 1
L3 programming layer <2023-08-11>
(c:/Users/doduc/AppData/Roaming/TinyTeX/texmf-dist/tex/latex/base/article.cls
Document Class: article 2023/05/17 v1.4n Standard LaTeX document class
(c:/Users/doduc/AppData/Roaming/TinyTeX/texmf-dist/tex/latex/base/size11.clo
File: size11.clo 2023/05/17 v1.4n Standard LaTeX file (size option)
)
\c@part=\count185
\c@section=\count186
\c@subsection=\count187
\c@subsubsection=\count188
\c@paragraph=\count189
\c@subparagraph=\count190
\c@figure=\count191
\c@table=\count192
\abovecaptionskip=\skip48
\belowcaptionskip=\skip49
\bibindent=\dimen140
) (c:/Users/doduc/AppData/Roaming/TinyTeX/texmf-dist/tex/latex/geometry/geometry.sty
Package: geometry 2020/01/02 v5.9 Page Geometry
(c:/Users/doduc/AppData/Roaming/TinyTeX/texmf-dist/tex/latex/graphics/keyval.sty
Package: keyval 2022/05/29 v1.15 key=value parser (DPC)
\KV@toks@=\toks17
) (c:/Users/doduc/AppData/Roaming/TinyTeX/texmf-dist/tex/generic/iftex/ifvtex.sty
Package: ifvtex 2019/10/25 v1.7 ifvtex legacy package. Use iftex instead.
(c:/Users/doduc/AppData/Roaming/TinyTeX/texmf-dist/tex/generic/iftex/iftex.sty
Package: iftex 2022/02/03 v1.0f TeX engine tests
))
\Gm@cnth=\count193
\Gm@cntv=\count194
\c@Gm@tempcnt=\count195
\Gm@bindingoffset=\dimen141
\Gm@wd@mp=\dimen142
\Gm@odd@mp=\dimen143
\Gm@even@mp=\dimen144
\Gm@layoutwidth=\dimen145
\Gm@layoutheight=\dimen146
\Gm@layouthoffset=\dimen147
\Gm@layoutvoffset=\dimen148
\Gm@dimlist=\toks18
) (c:/Users/doduc/AppData/Roaming/TinyTeX/texmf-dist/tex/latex/psnfss/mathpazo.sty
Package: mathpazo 2020/03/25 PSNFSS-v9.3 Palatino w/ Pazo Math (D.Puga, WaS) 
\symupright=\mathgroup4
) (c:/Users/doduc/AppData/Roaming/TinyTeX/texmf-dist/tex/latex/base/fontenc.sty
Package: fontenc 2021/04/29 v2.0v Standard LaTeX package
LaTeX Font Info:    Trying to load font information for T1+ppl on input line 112.
(c:/Users/doduc/AppData/Roaming/TinyTeX/texmf-dist/tex/latex/psnfss/t1ppl.fd
File: t1ppl.fd 2001/06/04 font definitions for T1/ppl.
)) (c:/Users/doduc/AppData/Roaming/TinyTeX/texmf-dist/tex/latex/base/inputenc.sty
Package: inputenc 2021/02/14 v1.3d Input encoding file
\inpenc@prehook=\toks19
\inpenc@posthook=\toks20
) (c:/Users/doduc/AppData/Roaming/TinyTeX/texmf-dist/tex/latex/abstract/abstract.sty
Package: abstract 2009/06/08 v1.2a configurable abstracts
\abstitleskip=\skip50
\absleftindent=\skip51
\absrightindent=\skip52
\absparindent=\skip53
\absparsep=\skip54
) (c:/Users/doduc/AppData/Roaming/TinyTeX/texmf-dist/tex/latex/graphics/color.sty
Package: color 2022/01/06 v1.3d Standard LaTeX Color (DPC)
(c:/Users/doduc/AppData/Roaming/TinyTeX/texmf-dist/tex/latex/graphics-cfg/color.cfg
File: color.cfg 2016/01/02 v1.6 sample color configuration
)
Package color Info: Driver file: pdftex.def on input line 149.
(c:/Users/doduc/AppData/Roaming/TinyTeX/texmf-dist/tex/latex/graphics-def/pdftex.def
File: pdftex.def 2022/09/22 v1.2b Graphics/color driver for pdftex
) (c:/Users/doduc/AppData/Roaming/TinyTeX/texmf-dist/tex/latex/graphics/mathcolor.ltx)) (c:/Users/doduc/AppData/Roaming/TinyTeX/texmf-dist/tex/latex/fancyvrb/fancyvrb.sty
Package: fancyvrb 2023/01/19 4.5a verbatim text (tvz,hv)
\FV@CodeLineNo=\count196
\FV@InFile=\read2
\FV@TabBox=\box51
\c@FancyVerbLine=\count197
\FV@StepNumber=\count198
\FV@OutFile=\write3
) (c:/Users/doduc/AppData/Roaming/TinyTeX/texmf-dist/tex/latex/framed/framed.sty
Package: framed 2011/10/22 v 0.96: framed or shaded text with page breaks
\OuterFrameSep=\skip55
\fb@frw=\dimen149
\fb@frh=\dimen150
\FrameRule=\dimen151
\FrameSep=\dimen152
) (c:/Users/doduc/AppData/Roaming/TinyTeX/texmf-dist/tex/latex/graphics/graphicx.sty
Package: graphicx 2021/09/16 v1.2d Enhanced LaTeX Graphics (DPC,SPQR)
(c:/Users/doduc/AppData/Roaming/TinyTeX/texmf-dist/tex/latex/graphics/graphics.sty
Package: graphics 2022/03/10 v1.4e Standard LaTeX Graphics (DPC,SPQR)
(c:/Users/doduc/AppData/Roaming/TinyTeX/texmf-dist/tex/latex/graphics/trig.sty
Package: trig 2021/08/11 v1.11 sin cos tan (DPC)
) (c:/Users/doduc/AppData/Roaming/TinyTeX/texmf-dist/tex/latex/graphics-cfg/graphics.cfg
File: graphics.cfg 2016/06/04 v1.11 sample graphics configuration
)
Package graphics Info: Driver file: pdftex.def on input line 107.
)
\Gin@req@height=\dimen153
\Gin@req@width=\dimen154
) (c:/Users/doduc/AppData/Roaming/TinyTeX/texmf-dist/tex/latex/grffile/grffile.sty
Package: grffile 2019/11/11 v2.1 Extended file name support for graphics (legacy)
Package grffile Info: This package is an empty stub for compatibility on input line 40.
) (c:/Users/doduc/AppData/Roaming/TinyTeX/texmf-dist/tex/latex/titlesec/titlesec.sty
Package: titlesec 2021/07/05 v2.14 Sectioning titles
\ttl@box=\box52
\beforetitleunit=\skip56
\aftertitleunit=\skip57
\ttl@plus=\dimen155
\ttl@minus=\dimen156
\ttl@toksa=\toks21
\titlewidth=\dimen157
\titlewidthlast=\dimen158
\titlewidthfirst=\dimen159
)
\c@hypothesis=\count199
(c:/Users/doduc/AppData/Roaming/TinyTeX/texmf-dist/tex/latex/setspace/setspace.sty
Package: setspace 2022/12/04 v6.7b set line spacing
) (c:/Users/doduc/AppData/Roaming/TinyTeX/texmf-dist/tex/latex/booktabs/booktabs.sty
Package: booktabs 2020/01/12 v1.61803398 Publication quality tables
\heavyrulewidth=\dimen160
\lightrulewidth=\dimen161
\cmidrulewidth=\dimen162
\belowrulesep=\dimen163
\belowbottomsep=\dimen164
\aboverulesep=\dimen165
\abovetopsep=\dimen166
\cmidrulesep=\dimen167
\cmidrulekern=\dimen168
\defaultaddspace=\dimen169
\@cmidla=\count266
\@cmidlb=\count267
\@aboverulesep=\dimen170
\@belowrulesep=\dimen171
\@thisruleclass=\count268
\@lastruleclass=\count269
\@thisrulewidth=\dimen172
) (c:/Users/doduc/AppData/Roaming/TinyTeX/texmf-dist/tex/latex/tools/longtable.sty
Package: longtable 2021-09-01 v4.17 Multi-page Table package (DPC)
\LTleft=\skip58
\LTright=\skip59
\LTpre=\skip60
\LTpost=\skip61
\LTchunksize=\count270
\LTcapwidth=\dimen173
\LT@head=\box53
\LT@firsthead=\box54
\LT@foot=\box55
\LT@lastfoot=\box56
\LT@gbox=\box57
\LT@cols=\count271
\LT@rows=\count272
\c@LT@tables=\count273
\c@LT@chunks=\count274
\LT@p@ftn=\toks22
) (c:/Users/doduc/AppData/Roaming/TinyTeX/texmf-dist/tex/latex/tools/array.sty
Package: array 2022/09/04 v2.5g Tabular extension package (FMi)
\col@sep=\dimen174
\ar@mcellbox=\box58
\extrarowheight=\dimen175
\NC@list=\toks23
\extratabsurround=\skip62
\backup@length=\skip63
\ar@cellbox=\box59
) (c:/Users/doduc/AppData/Roaming/TinyTeX/texmf-dist/tex/latex/multirow/multirow.sty
Package: multirow 2021/03/15 v2.8 Span multiple rows of a table
\multirow@colwidth=\skip64
\multirow@cntb=\count275
\multirow@dima=\skip65
\bigstrutjot=\dimen176
) (c:/Users/doduc/AppData/Roaming/TinyTeX/texmf-dist/tex/latex/wrapfig/wrapfig.sty
\wrapoverhang=\dimen177
\WF@size=\dimen178
\c@WF@wrappedlines=\count276
\WF@box=\box60
\WF@everypar=\toks24
Package: wrapfig 2003/01/31  v 3.6
) (c:/Users/doduc/AppData/Roaming/TinyTeX/texmf-dist/tex/latex/float/float.sty
Package: float 2001/11/08 v1.3d Float enhancements (AL)
\c@float@type=\count277
\float@exts=\toks25
\float@box=\box61
\@float@everytoks=\toks26
\@floatcapt=\box62
) (c:/Users/doduc/AppData/Roaming/TinyTeX/texmf-dist/tex/latex/colortbl/colortbl.sty
Package: colortbl 2022/06/20 v1.0f Color table columns (DPC)
\everycr=\toks27
\minrowclearance=\skip66
\rownum=\count278
) (c:/Users/doduc/AppData/Roaming/TinyTeX/texmf-dist/tex/latex/pdflscape/pdflscape.sty
Package: pdflscape 2022-10-27 v0.13 Display of landscape pages in PDF
(c:/Users/doduc/AppData/Roaming/TinyTeX/texmf-dist/tex/latex/pdflscape/pdflscape-nometadata.sty
Package: pdflscape-nometadata 2022-10-28 v0.13 Display of landscape pages in PDF (HO)
(c:/Users/doduc/AppData/Roaming/TinyTeX/texmf-dist/tex/latex/graphics/lscape.sty
Package: lscape 2020/05/28 v3.02 Landscape Pages (DPC)
)
Package pdflscape Info: Auto-detected driver: pdftex on input line 81.
)) (c:/Users/doduc/AppData/Roaming/TinyTeX/texmf-dist/tex/latex/tabu/tabu.sty
Package: tabu 2019/01/11 v2.9 - flexible LaTeX tabulars (FC+tabu-fixed)
(c:/Users/doduc/AppData/Roaming/TinyTeX/texmf-dist/tex/latex/varwidth/varwidth.sty
Package: varwidth 2009/03/30 ver 0.92;  Variable-width minipages
\@vwid@box=\box63
\sift@deathcycles=\count279
\@vwid@loff=\dimen179
\@vwid@roff=\dimen180
)
\c@taburow=\count280
\tabu@nbcols=\count281
\tabu@cnt=\count282
\tabu@Xcol=\count283
\tabu@alloc=\count284
\tabu@nested=\count285
\tabu@target=\dimen181
\tabu@spreadtarget=\dimen182
\tabu@naturalX=\dimen183
\tabucolX=\dimen184
\tabu@Xsum=\dimen185
\extrarowdepth=\dimen186
\abovetabulinesep=\dimen187
\belowtabulinesep=\dimen188
\tabustrutrule=\dimen189
\tabu@thebody=\toks28
\tabu@footnotes=\toks29
\tabu@box=\box64
\tabu@arstrutbox=\box65
\tabu@hleads=\box66
\tabu@vleads=\box67
\tabu@cellskip=\skip67
) (c:/Users/doduc/AppData/Roaming/TinyTeX/texmf-dist/tex/latex/threeparttable/threeparttable.sty
Package: threeparttable 2003/06/13  v 3.0
\@tempboxb=\box68
) (c:/Users/doduc/AppData/Roaming/TinyTeX/texmf-dist/tex/latex/threeparttablex/threeparttablex.sty
Package: threeparttablex 2013/07/23 v0.3 by daleif
(c:/Users/doduc/AppData/Roaming/TinyTeX/texmf-dist/tex/latex/environ/environ.sty
Package: environ 2014/05/04 v0.3 A new way to define environments
(c:/Users/doduc/AppData/Roaming/TinyTeX/texmf-dist/tex/latex/trimspaces/trimspaces.sty
Package: trimspaces 2009/09/17 v1.1 Trim spaces around a token list
)
\@envbody=\toks30
)
\TPTL@width=\skip68
) (c:/Users/doduc/AppData/Roaming/TinyTeX/texmf-dist/tex/generic/ulem/ulem.sty
\UL@box=\box69
\UL@hyphenbox=\box70
\UL@skip=\skip69
\UL@hook=\toks31
\UL@height=\dimen190
\UL@pe=\count286
\UL@pixel=\dimen191
\ULC@box=\box71
Package: ulem 2019/11/18
\ULdepth=\dimen192
) (c:/Users/doduc/AppData/Roaming/TinyTeX/texmf-dist/tex/latex/makecell/makecell.sty
Package: makecell 2009/08/03 V0.1e Managing of Tab Column Heads and Cells
\rotheadsize=\dimen193
\c@nlinenum=\count287
\TeXr@lab=\toks32
) (c:/Users/doduc/AppData/Roaming/TinyTeX/texmf-dist/tex/latex/xcolor/xcolor.sty
Package: xcolor 2022/06/12 v2.14 LaTeX color extensions (UK)
(c:/Users/doduc/AppData/Roaming/TinyTeX/texmf-dist/tex/latex/graphics-cfg/color.cfg
File: color.cfg 2016/01/02 v1.6 sample color configuration
)
Package xcolor Info: Driver file: pdftex.def on input line 227.
LaTeX Info: Redefining \color on input line 711.
(c:/Users/doduc/AppData/Roaming/TinyTeX/texmf-dist/tex/latex/graphics/mathcolor.ltx)
Package xcolor Info: Model `cmy' substituted by `cmy0' on input line 1353.
Package xcolor Info: Model `hsb' substituted by `rgb' on input line 1357.
Package xcolor Info: Model `RGB' extended on input line 1369.
Package xcolor Info: Model `HTML' substituted by `rgb' on input line 1371.
Package xcolor Info: Model `Hsb' substituted by `hsb' on input line 1372.
Package xcolor Info: Model `tHsb' substituted by `hsb' on input line 1373.
Package xcolor Info: Model `HSB' substituted by `hsb' on input line 1374.
Package xcolor Info: Model `Gray' substituted by `gray' on input line 1375.
Package xcolor Info: Model `wave' substituted by `hsb' on input line 1376.
) (c:/Users/doduc/AppData/Roaming/TinyTeX/texmf-dist/tex/latex/hyperref/hyperref.sty
Package: hyperref 2023-07-08 v7.01b Hypertext links for LaTeX
(c:/Users/doduc/AppData/Roaming/TinyTeX/texmf-dist/tex/generic/ltxcmds/ltxcmds.sty
Package: ltxcmds 2020-05-10 v1.25 LaTeX kernel commands for general use (HO)
) (c:/Users/doduc/AppData/Roaming/TinyTeX/texmf-dist/tex/generic/pdftexcmds/pdftexcmds.sty
Package: pdftexcmds 2020-06-27 v0.33 Utility functions of pdfTeX for LuaTeX (HO)
(c:/Users/doduc/AppData/Roaming/TinyTeX/texmf-dist/tex/generic/infwarerr/infwarerr.sty
Package: infwarerr 2019/12/03 v1.5 Providing info/warning/error messages (HO)
)
Package pdftexcmds Info: \pdf@primitive is available.
Package pdftexcmds Info: \pdf@ifprimitive is available.
Package pdftexcmds Info: \pdfdraftmode found.
) (c:/Users/doduc/AppData/Roaming/TinyTeX/texmf-dist/tex/latex/kvsetkeys/kvsetkeys.sty
Package: kvsetkeys 2022-10-05 v1.19 Key value parser (HO)
) (c:/Users/doduc/AppData/Roaming/TinyTeX/texmf-dist/tex/generic/kvdefinekeys/kvdefinekeys.sty
Package: kvdefinekeys 2019-12-19 v1.6 Define keys (HO)
) (c:/Users/doduc/AppData/Roaming/TinyTeX/texmf-dist/tex/generic/pdfescape/pdfescape.sty
Package: pdfescape 2019/12/09 v1.15 Implements pdfTeX's escape features (HO)
) (c:/Users/doduc/AppData/Roaming/TinyTeX/texmf-dist/tex/latex/hycolor/hycolor.sty
Package: hycolor 2020-01-27 v1.10 Color options for hyperref/bookmark (HO)
) (c:/Users/doduc/AppData/Roaming/TinyTeX/texmf-dist/tex/latex/letltxmacro/letltxmacro.sty
Package: letltxmacro 2019/12/03 v1.6 Let assignment for LaTeX macros (HO)
) (c:/Users/doduc/AppData/Roaming/TinyTeX/texmf-dist/tex/latex/auxhook/auxhook.sty
Package: auxhook 2019-12-17 v1.6 Hooks for auxiliary files (HO)
) (c:/Users/doduc/AppData/Roaming/TinyTeX/texmf-dist/tex/latex/hyperref/nameref.sty
Package: nameref 2023-08-07 v2.53 Cross-referencing by name of section
(c:/Users/doduc/AppData/Roaming/TinyTeX/texmf-dist/tex/latex/refcount/refcount.sty
Package: refcount 2019/12/15 v3.6 Data extraction from label references (HO)
) (c:/Users/doduc/AppData/Roaming/TinyTeX/texmf-dist/tex/generic/gettitlestring/gettitlestring.sty
Package: gettitlestring 2019/12/15 v1.6 Cleanup title references (HO)
(c:/Users/doduc/AppData/Roaming/TinyTeX/texmf-dist/tex/latex/kvoptions/kvoptions.sty
Package: kvoptions 2022-06-15 v3.15 Key value format for package options (HO)
))
\c@section@level=\count288
) (c:/Users/doduc/AppData/Roaming/TinyTeX/texmf-dist/tex/latex/etoolbox/etoolbox.sty
Package: etoolbox 2020/10/05 v2.5k e-TeX tools for LaTeX (JAW)
\etb@tempcnta=\count289
)
\@linkdim=\dimen194
\Hy@linkcounter=\count290
\Hy@pagecounter=\count291
(c:/Users/doduc/AppData/Roaming/TinyTeX/texmf-dist/tex/latex/hyperref/pd1enc.def
File: pd1enc.def 2023-07-08 v7.01b Hyperref: PDFDocEncoding definition (HO)
Now handling font encoding PD1 ...
... no UTF-8 mapping file for font encoding PD1
) (c:/Users/doduc/AppData/Roaming/TinyTeX/texmf-dist/tex/generic/intcalc/intcalc.sty
Package: intcalc 2019/12/15 v1.3 Expandable calculations with integers (HO)
)
\Hy@SavedSpaceFactor=\count292
(c:/Users/doduc/AppData/Roaming/TinyTeX/texmf-dist/tex/latex/hyperref/puenc.def
File: puenc.def 2023-07-08 v7.01b Hyperref: PDF Unicode definition (HO)
Now handling font encoding PU ...
... no UTF-8 mapping file for font encoding PU
)
Package hyperref Info: Option `draft' set `true' on input line 4050.
Package hyperref Info: Option `unicode' set `true' on input line 4050.
Package hyperref Info: Hyper figures OFF on input line 4167.
Package hyperref Info: Link nesting OFF on input line 4172.
Package hyperref Info: Hyper index ON on input line 4175.
Package hyperref Info: Plain pages OFF on input line 4182.
Package hyperref Info: Backreferencing OFF on input line 4187.
Package hyperref Info: Implicit mode ON; LaTeX internals redefined.
Package hyperref Info: Bookmarks ON on input line 4434.
\c@Hy@tempcnt=\count293
(c:/Users/doduc/AppData/Roaming/TinyTeX/texmf-dist/tex/latex/url/url.sty
\Urlmuskip=\muskip16
Package: url 2013/09/16  ver 3.4  Verb mode for urls, etc.
)
LaTeX Info: Redefining \url on input line 4772.
\XeTeXLinkMargin=\dimen195
(c:/Users/doduc/AppData/Roaming/TinyTeX/texmf-dist/tex/generic/bitset/bitset.sty
Package: bitset 2019/12/09 v1.3 Handle bit-vector datatype (HO)
(c:/Users/doduc/AppData/Roaming/TinyTeX/texmf-dist/tex/generic/bigintcalc/bigintcalc.sty
Package: bigintcalc 2019/12/15 v1.5 Expandable calculations on big integers (HO)
))
\Fld@menulength=\count294
\Field@Width=\dimen196
\Fld@charsize=\dimen197
Package hyperref Info: Hyper figures OFF on input line 6051.
Package hyperref Info: Link nesting OFF on input line 6056.
Package hyperref Info: Hyper index ON on input line 6059.
Package hyperref Info: backreferencing OFF on input line 6066.
Package hyperref Info: Link coloring OFF on input line 6071.
Package hyperref Info: Link coloring with OCG OFF on input line 6076.
Package hyperref Info: PDF/A mode OFF on input line 6081.
(c:/Users/doduc/AppData/Roaming/TinyTeX/texmf-dist/tex/latex/base/atbegshi-ltx.sty
Package: atbegshi-ltx 2021/01/10 v1.0c Emulation of the original atbegshi
package with kernel methods
)
\Hy@abspage=\count295
\c@Item=\count296
\c@Hfootnote=\count297
)
Package hyperref Info: Driver (autodetected): hpdftex.
(c:/Users/doduc/AppData/Roaming/TinyTeX/texmf-dist/tex/latex/hyperref/hpdftex.def
File: hpdftex.def 2023-07-08 v7.01b Hyperref driver for pdfTeX
(c:/Users/doduc/AppData/Roaming/TinyTeX/texmf-dist/tex/latex/base/atveryend-ltx.sty
Package: atveryend-ltx 2020/08/19 v1.0a Emulation of the original atveryend package
with kernel methods
)
\Fld@listcount=\count298
\c@bookmark@seq@number=\count299
(c:/Users/doduc/AppData/Roaming/TinyTeX/texmf-dist/tex/latex/rerunfilecheck/rerunfilecheck.sty
Package: rerunfilecheck 2022-07-10 v1.10 Rerun checks for auxiliary files (HO)
(c:/Users/doduc/AppData/Roaming/TinyTeX/texmf-dist/tex/generic/uniquecounter/uniquecounter.sty
Package: uniquecounter 2019/12/15 v1.4 Provide unlimited unique counter (HO)
)
Package uniquecounter Info: New unique counter `rerunfilecheck' on input line 285.
)
\Hy@SectionHShift=\skip70
)
Package hyperref Info: Option `breaklinks' set `true' on input line 174.

Package hyperref Warning: Option `bookmarks' has already been used,
(hyperref)                setting the option has no effect on input line 174.

Package hyperref Info: Option `colorlinks' set `true' on input line 174.
(c:/Users/doduc/AppData/Roaming/TinyTeX/texmf-dist/tex/latex/placeins/placeins.sty
Package: placeins 2005/04/18  v 2.2
) (c:/Users/doduc/AppData/Roaming/TinyTeX/texmf-dist/tex/latex/amsfonts/amssymb.sty
Package: amssymb 2013/01/14 v3.01 AMS font symbols
(c:/Users/doduc/AppData/Roaming/TinyTeX/texmf-dist/tex/latex/amsfonts/amsfonts.sty
Package: amsfonts 2013/01/14 v3.01 Basic AMSFonts support
\@emptytoks=\toks33
\symAMSa=\mathgroup5
\symAMSb=\mathgroup6
LaTeX Font Info:    Redeclaring math symbol \hbar on input line 98.
LaTeX Font Info:    Overwriting math alphabet `\mathfrak' in version `bold'
(Font)                  U/euf/m/n --> U/euf/b/n on input line 106.
)) (c:/Users/doduc/AppData/Roaming/TinyTeX/texmf-dist/tex/latex/amsmath/amsmath.sty
Package: amsmath 2023/05/13 v2.17o AMS math features
\@mathmargin=\skip71
For additional information on amsmath, use the `?' option.
(c:/Users/doduc/AppData/Roaming/TinyTeX/texmf-dist/tex/latex/amsmath/amstext.sty
Package: amstext 2021/08/26 v2.01 AMS text
(c:/Users/doduc/AppData/Roaming/TinyTeX/texmf-dist/tex/latex/amsmath/amsgen.sty
File: amsgen.sty 1999/11/30 v2.0 generic functions
\@emptytoks=\toks34
\ex@=\dimen198
)) (c:/Users/doduc/AppData/Roaming/TinyTeX/texmf-dist/tex/latex/amsmath/amsbsy.sty
Package: amsbsy 1999/11/29 v1.2d Bold Symbols
\pmbraise@=\dimen199
) (c:/Users/doduc/AppData/Roaming/TinyTeX/texmf-dist/tex/latex/amsmath/amsopn.sty
Package: amsopn 2022/04/08 v2.04 operator names
)
\inf@bad=\count300
LaTeX Info: Redefining \frac on input line 234.
\uproot@=\count301
\leftroot@=\count302
LaTeX Info: Redefining \overline on input line 399.
LaTeX Info: Redefining \colon on input line 410.
\classnum@=\count303
\DOTSCASE@=\count304
LaTeX Info: Redefining \ldots on input line 496.
LaTeX Info: Redefining \dots on input line 499.
LaTeX Info: Redefining \cdots on input line 620.
\Mathstrutbox@=\box72
\strutbox@=\box73
LaTeX Info: Redefining \big on input line 722.
LaTeX Info: Redefining \Big on input line 723.
LaTeX Info: Redefining \bigg on input line 724.
LaTeX Info: Redefining \Bigg on input line 725.
\big@size=\dimen256
LaTeX Font Info:    Redeclaring font encoding OML on input line 743.
LaTeX Font Info:    Redeclaring font encoding OMS on input line 744.
\macc@depth=\count305
LaTeX Info: Redefining \bmod on input line 905.
LaTeX Info: Redefining \pmod on input line 910.
LaTeX Info: Redefining \smash on input line 940.
LaTeX Info: Redefining \relbar on input line 970.
LaTeX Info: Redefining \Relbar on input line 971.
\c@MaxMatrixCols=\count306
\dotsspace@=\muskip17
\c@parentequation=\count307
\dspbrk@lvl=\count308
\tag@help=\toks35
\row@=\count309
\column@=\count310
\maxfields@=\count311
\andhelp@=\toks36
\eqnshift@=\dimen257
\alignsep@=\dimen258
\tagshift@=\dimen259
\tagwidth@=\dimen260
\totwidth@=\dimen261
\lineht@=\dimen262
\@envbody=\toks37
\multlinegap=\skip72
\multlinetaggap=\skip73
\mathdisplay@stack=\toks38
LaTeX Info: Redefining \[ on input line 2953.
LaTeX Info: Redefining \] on input line 2954.
) (c:/Users/doduc/AppData/Roaming/TinyTeX/texmf-dist/tex/latex/l3backend/l3backend-pdftex.def
File: l3backend-pdftex.def 2023-04-19 L3 backend support: PDF output (pdfTeX)
\l__color_backend_stack_int=\count312
\l__pdf_internal_box=\box74
) (./assignment3_report_v2.aux)
\openout1 = `assignment3_report_v2.aux'.

LaTeX Font Info:    Checking defaults for OML/cmm/m/it on input line 198.
LaTeX Font Info:    ... okay on input line 198.
LaTeX Font Info:    Checking defaults for OMS/cmsy/m/n on input line 198.
LaTeX Font Info:    ... okay on input line 198.
LaTeX Font Info:    Checking defaults for OT1/cmr/m/n on input line 198.
LaTeX Font Info:    ... okay on input line 198.
LaTeX Font Info:    Checking defaults for T1/cmr/m/n on input line 198.
LaTeX Font Info:    ... okay on input line 198.
LaTeX Font Info:    Checking defaults for TS1/cmr/m/n on input line 198.
LaTeX Font Info:    ... okay on input line 198.
LaTeX Font Info:    Checking defaults for OMX/cmex/m/n on input line 198.
LaTeX Font Info:    ... okay on input line 198.
LaTeX Font Info:    Checking defaults for U/cmr/m/n on input line 198.
LaTeX Font Info:    ... okay on input line 198.
LaTeX Font Info:    Checking defaults for PD1/pdf/m/n on input line 198.
LaTeX Font Info:    ... okay on input line 198.
LaTeX Font Info:    Checking defaults for PU/pdf/m/n on input line 198.
LaTeX Font Info:    ... okay on input line 198.
*geometry* driver: auto-detecting
*geometry* detected driver: pdftex
*geometry* verbose mode - [ preamble ] result:
* driver: pdftex
* paper: <default>
* layout: <same size as paper>
* layoutoffset:(h,v)=(0.0pt,0.0pt)
* modes: 
* h-part:(L,W,R)=(72.26999pt, 469.75502pt, 72.26999pt)
* v-part:(T,H,B)=(72.26999pt, 650.43001pt, 72.26999pt)
* \paperwidth=614.295pt
* \paperheight=794.96999pt
* \textwidth=469.75502pt
* \textheight=650.43001pt
* \oddsidemargin=0.0pt
* \evensidemargin=0.0pt
* \topmargin=-37.0pt
* \headheight=12.0pt
* \headsep=25.0pt
* \topskip=11.0pt
* \footskip=30.0pt
* \marginparwidth=59.0pt
* \marginparsep=10.0pt
* \columnsep=10.0pt
* \skip\footins=10.0pt plus 4.0pt minus 2.0pt
* \hoffset=0.0pt
* \voffset=0.0pt
* \mag=1000
* \@twocolumnfalse
* \@twosidefalse
* \@mparswitchfalse
* \@reversemarginfalse
* (1in=72.27pt=25.4mm, 1cm=28.453pt)

(c:/Users/doduc/AppData/Roaming/TinyTeX/texmf-dist/tex/latex/epstopdf-pkg/epstopdf-base.sty
Package: epstopdf-base 2020-01-24 v2.11 Base part for package epstopdf
(c:/Users/doduc/AppData/Roaming/TinyTeX/texmf-dist/tex/latex/grfext/grfext.sty
Package: grfext 2019/12/03 v1.3 Manage graphics extensions (HO)
)
Package epstopdf-base Info: Redefining graphics rule for `.eps' on input line 485.
Package grfext Info: Graphics extension search list:
(grfext)             [.pdf,.png,.jpg,.mps,.jpeg,.jbig2,.jb2,.PDF,.PNG,.JPG,.JPEG,.JBIG2,.JB2,.eps]
(grfext)             \AppendGraphicsExtensions on input line 504.
(c:/Users/doduc/AppData/Roaming/TinyTeX/texmf-dist/tex/latex/latexconfig/epstopdf-sys.cfg
File: epstopdf-sys.cfg 2010/07/13 v1.3 Configuration of (r)epstopdf for TeX Live
))

Package hyperref Warning: Draft mode on.

Package hyperref Info: Link coloring ON on input line 198.
LaTeX Font Info:    Trying to load font information for T1+phv on input line 215.
(c:/Users/doduc/AppData/Roaming/TinyTeX/texmf-dist/tex/latex/psnfss/t1phv.fd
File: t1phv.fd 2020/03/25 scalable font definitions for T1/phv.
) [1

{c:/Users/doduc/AppData/Roaming/TinyTeX/texmf-var/fonts/map/pdftex/updmap/pdftex.map}{c:/Users/doduc/AppData/Roaming/TinyTeX/texmf-dist/fonts/enc/dvips/base/8r.enc}] [2] [3]

Package xcolor Warning: Incompatible color definition on input line 514.

LaTeX Font Info:    Trying to load font information for T1+cmtt on input line 515.
(c:/Users/doduc/AppData/Roaming/TinyTeX/texmf-dist/tex/latex/base/t1cmtt.fd
File: t1cmtt.fd 2023/04/13 v2.5m Standard LaTeX font definitions
)
LaTeX Font Info:    Font shape `T1/cmtt/bx/n' in size <10.95> not available
(Font)              Font shape `T1/cmtt/m/n' tried instead on input line 516.

Package xcolor Warning: Incompatible color definition on input line 519.


Package xcolor Warning: Incompatible color definition on input line 519.


Package xcolor Warning: Incompatible color definition on input line 524.

[4]

Package xcolor Warning: Incompatible color definition on input line 535.


Package xcolor Warning: Incompatible color definition on input line 535.


Package xcolor Warning: Incompatible color definition on input line 540.


Package xcolor Warning: Incompatible color definition on input line 565.


Package xcolor Warning: Incompatible color definition on input line 565.


Package xcolor Warning: Incompatible color definition on input line 573.


Package xcolor Warning: Incompatible color definition on input line 604.


Package xcolor Warning: Incompatible color definition on input line 604.


Package xcolor Warning: Incompatible color definition on input line 604.

[5]

Package xcolor Warning: Incompatible color definition on input line 604.


Package xcolor Warning: Incompatible color definition on input line 604.


Package xcolor Warning: Incompatible color definition on input line 606.

LaTeX Font Info:    Font shape `T1/cmtt/bx/it' in size <10.95> not available
(Font)              Font shape `T1/cmtt/m/it' tried instead on input line 609.

Package xcolor Warning: Incompatible color definition on input line 645.


Package xcolor Warning: Incompatible color definition on input line 645.


Package xcolor Warning: Incompatible color definition on input line 645.

[6]

Package xcolor Warning: Incompatible color definition on input line 645.


Package xcolor Warning: Incompatible color definition on input line 645.


Package xcolor Warning: Incompatible color definition on input line 668.

LaTeX Font Info:    Trying to load font information for TS1+cmtt on input line 670.
(c:/Users/doduc/AppData/Roaming/TinyTeX/texmf-dist/tex/latex/base/ts1cmtt.fd
File: ts1cmtt.fd 2023/04/13 v2.5m Standard LaTeX font definitions
)

Package xcolor Warning: Incompatible color definition on input line 673.


Package xcolor Warning: Incompatible color definition on input line 673.


Package xcolor Warning: Incompatible color definition on input line 693.


Package xcolor Warning: Incompatible color definition on input line 700.


Package xcolor Warning: Incompatible color definition on input line 700.

[7]

Package xcolor Warning: Incompatible color definition on input line 707.


Package xcolor Warning: Incompatible color definition on input line 719.


Package xcolor Warning: Incompatible color definition on input line 719.


Package xcolor Warning: Incompatible color definition on input line 727.


Package xcolor Warning: Incompatible color definition on input line 739.


Package xcolor Warning: Incompatible color definition on input line 739.


Overfull \hbox (7.97728pt too wide) in paragraph at lines 745--749
\T1/ppl/m/n/10.95 Thanks to the open-source \T1/cmtt/m/n/10.95 linkedin_api\T1/ppl/m/n/10.95 , the pro-cess be-comes much more stream-lined and straight-
 []


Package xcolor Warning: Incompatible color definition on input line 750.


Package xcolor Warning: Incompatible color definition on input line 757.


Package xcolor Warning: Incompatible color definition on input line 757.


Package xcolor Warning: Incompatible color definition on input line 768.

[8]

Package xcolor Warning: Incompatible color definition on input line 780.


Package xcolor Warning: Incompatible color definition on input line 780.

LaTeX Font Info:    Trying to load font information for OT1+ppl on input line 784.
(c:/Users/doduc/AppData/Roaming/TinyTeX/texmf-dist/tex/latex/psnfss/ot1ppl.fd
File: ot1ppl.fd 2001/06/04 font definitions for OT1/ppl.
)
LaTeX Font Info:    Trying to load font information for OML+zplm on input line 784.
(c:/Users/doduc/AppData/Roaming/TinyTeX/texmf-dist/tex/latex/psnfss/omlzplm.fd
File: omlzplm.fd 2002/09/08 Fontinst v1.914 font definitions for OML/zplm.
)
LaTeX Font Info:    Trying to load font information for OMS+zplm on input line 784.
(c:/Users/doduc/AppData/Roaming/TinyTeX/texmf-dist/tex/latex/psnfss/omszplm.fd
File: omszplm.fd 2002/09/08 Fontinst v1.914 font definitions for OMS/zplm.
)
LaTeX Font Info:    Trying to load font information for OMX+zplm on input line 784.
(c:/Users/doduc/AppData/Roaming/TinyTeX/texmf-dist/tex/latex/psnfss/omxzplm.fd
File: omxzplm.fd 2002/09/08 Fontinst v1.914 font definitions for OMX/zplm.
)
LaTeX Font Info:    Trying to load font information for OT1+zplm on input line 784.
(c:/Users/doduc/AppData/Roaming/TinyTeX/texmf-dist/tex/latex/psnfss/ot1zplm.fd
File: ot1zplm.fd 2002/09/08 Fontinst v1.914 font definitions for OT1/zplm.
)
LaTeX Font Info:    Font shape `U/msa/m/n' will be
(Font)              scaled to size 11.40997pt on input line 784.
LaTeX Font Info:    Font shape `U/msa/m/n' will be
(Font)              scaled to size 8.33606pt on input line 784.
LaTeX Font Info:    Font shape `U/msa/m/n' will be
(Font)              scaled to size 6.25204pt on input line 784.
LaTeX Font Info:    Font shape `U/msb/m/n' will be
(Font)              scaled to size 11.40997pt on input line 784.
LaTeX Font Info:    Font shape `U/msb/m/n' will be
(Font)              scaled to size 8.33606pt on input line 784.
LaTeX Font Info:    Font shape `U/msb/m/n' will be
(Font)              scaled to size 6.25204pt on input line 784.

Overfull \hbox (24.38109pt too wide) in paragraph at lines 782--785
\T1/ppl/m/n/10.95 blob / b4cc872362f44309e8b1f90a704f7f25f06533c8 / Assignment % 203 / linkedin _ scraper / pro^^\les _ demo .
 []


Overfull \hbox (8.7381pt too wide) in paragraph at lines 801--810
[]\T1/ppl/m/n/10.95 Regarding num-ber of con-nec-tions data, we ob-served that the num-ber of con-nec-tions on Linkedin
 []


Overfull \hbox (5.83228pt too wide) in paragraph at lines 801--810
\T1/ppl/m/n/10.95 KUL / blob / b4cc872362f44309e8b1f90a704f7f25f06533c8 / Assignment % 203 / data _ processing / data _
 []


Package xcolor Warning: Incompatible color definition on input line 824.


Package xcolor Warning: Incompatible color definition on input line 843.


Package xcolor Warning: Incompatible color definition on input line 843.


Package xcolor Warning: Incompatible color definition on input line 843.

[9]

Package xcolor Warning: Incompatible color definition on input line 843.


Package xcolor Warning: Incompatible color definition on input line 843.


Package xcolor Warning: Incompatible color definition on input line 853.


Package xcolor Warning: Incompatible color definition on input line 861.


Package xcolor Warning: Incompatible color definition on input line 861.


Package xcolor Warning: Incompatible color definition on input line 875.


Package xcolor Warning: Incompatible color definition on input line 894.


Package xcolor Warning: Incompatible color definition on input line 894.


Package xcolor Warning: Incompatible color definition on input line 894.

[10]

Package xcolor Warning: Incompatible color definition on input line 894.


Package xcolor Warning: Incompatible color definition on input line 894.


Package xcolor Warning: Incompatible color definition on input line 908.


Package xcolor Warning: Incompatible color definition on input line 917.


Package xcolor Warning: Incompatible color definition on input line 917.


Package xcolor Warning: Incompatible color definition on input line 919.


Package xcolor Warning: Incompatible color definition on input line 924.


Package xcolor Warning: Incompatible color definition on input line 924.


Package xcolor Warning: Incompatible color definition on input line 942.


Package xcolor Warning: Incompatible color definition on input line 972.


Package xcolor Warning: Incompatible color definition on input line 972.


Package xcolor Warning: Incompatible color definition on input line 972.

[11]

Package xcolor Warning: Incompatible color definition on input line 972.


Package xcolor Warning: Incompatible color definition on input line 972.


Package xcolor Warning: Incompatible color definition on input line 986.


Package xcolor Warning: Incompatible color definition on input line 1011.


Package xcolor Warning: Incompatible color definition on input line 1011.

[12]
Overfull \hbox (12.97038pt too wide) in paragraph at lines 1054--1061
\T1/cmtt/m/n/10.95 degree_from_fieldofstudy \T1/ppl/m/n/10.95 val-ues us-ing the co-a-lesce func-tion. This en-sures that if the \T1/cmtt/m/n/10.95 clean_degree
 []


Overfull \hbox (34.09238pt too wide) in paragraph at lines 1054--1061
\T1/ppl/m/n/10.95 col-umn is empty (NA), it is pop-u-lated with the cor-re-spond-ing value from the \T1/cmtt/m/n/10.95 degree_from_fieldofstudy
 []


Package xcolor Warning: Incompatible color definition on input line 1062.


Package xcolor Warning: Incompatible color definition on input line 1103.


Package xcolor Warning: Incompatible color definition on input line 1103.


Package xcolor Warning: Incompatible color definition on input line 1103.

[13]

Package xcolor Warning: Incompatible color definition on input line 1103.


Package xcolor Warning: Incompatible color definition on input line 1103.


Package xcolor Warning: Incompatible color definition on input line 1131.


Package xcolor Warning: Incompatible color definition on input line 1144.


Package xcolor Warning: Incompatible color definition on input line 1144.


Package xcolor Warning: Incompatible color definition on input line 1150.


Package xcolor Warning: Incompatible color definition on input line 1154.


Package xcolor Warning: Incompatible color definition on input line 1154.


Package xcolor Warning: Incompatible color definition on input line 1160.

[14]

Package xcolor Warning: Incompatible color definition on input line 1164.


Package xcolor Warning: Incompatible color definition on input line 1164.


Package xcolor Warning: Incompatible color definition on input line 1170.


Package xcolor Warning: Incompatible color definition on input line 1174.


Package xcolor Warning: Incompatible color definition on input line 1174.


Package xcolor Warning: Incompatible color definition on input line 1180.


Package xcolor Warning: Incompatible color definition on input line 1184.


Package xcolor Warning: Incompatible color definition on input line 1184.


Package xcolor Warning: Incompatible color definition on input line 1213.


Package xcolor Warning: Incompatible color definition on input line 1242.


Package xcolor Warning: Incompatible color definition on input line 1242.


Package xcolor Warning: Incompatible color definition on input line 1242.

[15]

Package xcolor Warning: Incompatible color definition on input line 1242.


Package xcolor Warning: Incompatible color definition on input line 1242.


Overfull \hbox (2.9954pt too wide) in paragraph at lines 1258--1265
\T1/ppl/m/n/10.95 tion is re-lated to the data and soft-ware field. We also cre-ate an-other dataframe called \T1/cmtt/m/n/10.95 abridged_edu\T1/ppl/m/n/10.95 ,
 []


Package xcolor Warning: Incompatible color definition on input line 1266.


Package xcolor Warning: Incompatible color definition on input line 1349.


Package xcolor Warning: Incompatible color definition on input line 1349.


Package xcolor Warning: Incompatible color definition on input line 1349.

[16]

Package xcolor Warning: Incompatible color definition on input line 1349.


Package xcolor Warning: Incompatible color definition on input line 1349.


Underfull \vbox (badness 10000) detected at line 1349
 []


Underfull \vbox (badness 10000) detected at line 1349
 []


Package xcolor Warning: Incompatible color definition on input line 1349.

[17]

Package xcolor Warning: Incompatible color definition on input line 1349.


Package xcolor Warning: Incompatible color definition on input line 1349.


Package xcolor Warning: Incompatible color definition on input line 1389.


Package xcolor Warning: Incompatible color definition on input line 1432.


Package xcolor Warning: Incompatible color definition on input line 1432.


Package xcolor Warning: Incompatible color definition on input line 1432.

[18]

Package xcolor Warning: Incompatible color definition on input line 1432.


Package xcolor Warning: Incompatible color definition on input line 1432.


Package xcolor Warning: Incompatible color definition on input line 1434.


Package xcolor Warning: Incompatible color definition on input line 1445.


Package xcolor Warning: Incompatible color definition on input line 1445.

[19]

Package xcolor Warning: Incompatible color definition on input line 1489.


Package xcolor Warning: Incompatible color definition on input line 1521.


Package xcolor Warning: Incompatible color definition on input line 1521.


Package xcolor Warning: Incompatible color definition on input line 1549.

[20]

Package xcolor Warning: Incompatible color definition on input line 1553.


Package xcolor Warning: Incompatible color definition on input line 1553.


Package xcolor Warning: Incompatible color definition on input line 1580.


Package xcolor Warning: Incompatible color definition on input line 1614.


Package xcolor Warning: Incompatible color definition on input line 1614.


Package xcolor Warning: Incompatible color definition on input line 1614.

[21]

Package xcolor Warning: Incompatible color definition on input line 1614.


Package xcolor Warning: Incompatible color definition on input line 1614.


Package xcolor Warning: Incompatible color definition on input line 1641.


Package xcolor Warning: Incompatible color definition on input line 1672.


Package xcolor Warning: Incompatible color definition on input line 1672.


Package xcolor Warning: Incompatible color definition on input line 1672.

[22]

Package xcolor Warning: Incompatible color definition on input line 1672.


Package xcolor Warning: Incompatible color definition on input line 1672.


Package xcolor Warning: Incompatible color definition on input line 1684.


Package xcolor Warning: Incompatible color definition on input line 1744.


Package xcolor Warning: Incompatible color definition on input line 1744.


Package xcolor Warning: Incompatible color definition on input line 1744.

[23]

Package xcolor Warning: Incompatible color definition on input line 1744.


Package xcolor Warning: Incompatible color definition on input line 1744.

LaTeX Font Info:    Trying to load font information for TS1+ppl on input line 1754.
(c:/Users/doduc/AppData/Roaming/TinyTeX/texmf-dist/tex/latex/psnfss/ts1ppl.fd
File: ts1ppl.fd 2001/06/04 font definitions for TS1/ppl.
)
Overfull \hbox (0.74995pt too wide) in paragraph at lines 1761--1764
[]\T1/ppl/m/n/10.95 Number of com-pa-nies: The data in-cludes the to-tal count of com-pa-nies the in-di-vid-ual worked
 []


Package xcolor Warning: Incompatible color definition on input line 1769.


Package xcolor Warning: Incompatible color definition on input line 1807.


Package xcolor Warning: Incompatible color definition on input line 1807.


Package xcolor Warning: Incompatible color definition on input line 1807.

[24]

Package xcolor Warning: Incompatible color definition on input line 1807.


Package xcolor Warning: Incompatible color definition on input line 1807.


Package xcolor Warning: Incompatible color definition on input line 1845.


Package xcolor Warning: Incompatible color definition on input line 1865.


Package xcolor Warning: Incompatible color definition on input line 1865.


Package xcolor Warning: Incompatible color definition on input line 1865.

[25]

Package xcolor Warning: Incompatible color definition on input line 1865.


Package xcolor Warning: Incompatible color definition on input line 1865.


Package xcolor Warning: Incompatible color definition on input line 1873.


Package xcolor Warning: Incompatible color definition on input line 1892.


Package xcolor Warning: Incompatible color definition on input line 1892.

<figs/skill-wordcloud.pdf, id=89, 469.755pt x 325.215pt>
File: figs/skill-wordcloud.pdf Graphic file (type pdf)
<use figs/skill-wordcloud.pdf>
Package pdftex.def Info: figs/skill-wordcloud.pdf  used on input line 1894.
(pdftex.def)             Requested size: 469.75386pt x 325.2142pt.

Overfull \hbox (16.99884pt too wide) in paragraph at lines 1894--1895
[][] 
 []

[26]

Package xcolor Warning: Incompatible color definition on input line 1906.


Package xcolor Warning: Incompatible color definition on input line 1913.


Package xcolor Warning: Incompatible color definition on input line 1913.


Package xcolor Warning: Incompatible color definition on input line 1915.


Package xcolor Warning: Incompatible color definition on input line 1934.


Package xcolor Warning: Incompatible color definition on input line 1934.


Package xcolor Warning: Incompatible color definition on input line 1934.

[27 <./figs/skill-wordcloud.pdf>]

Package xcolor Warning: Incompatible color definition on input line 1934.


Package xcolor Warning: Incompatible color definition on input line 1934.

<figs/skill-lda-3-visual.pdf, id=101, 469.755pt x 325.215pt>
File: figs/skill-lda-3-visual.pdf Graphic file (type pdf)
<use figs/skill-lda-3-visual.pdf>
Package pdftex.def Info: figs/skill-lda-3-visual.pdf  used on input line 1936.
(pdftex.def)             Requested size: 469.75386pt x 325.2142pt.

Overfull \hbox (16.99884pt too wide) in paragraph at lines 1936--1937
[][] 
 []


Package xcolor Warning: Incompatible color definition on input line 1958.


Package xcolor Warning: Incompatible color definition on input line 1973.


Package xcolor Warning: Incompatible color definition on input line 1973.


Package xcolor Warning: Incompatible color definition on input line 1973.

[28 <./figs/skill-lda-3-visual.pdf>]

Package xcolor Warning: Incompatible color definition on input line 1973.


Package xcolor Warning: Incompatible color definition on input line 1973.

<figs/skill-tuning.pdf, id=110, 469.755pt x 325.215pt>
File: figs/skill-tuning.pdf Graphic file (type pdf)
<use figs/skill-tuning.pdf>
Package pdftex.def Info: figs/skill-tuning.pdf  used on input line 1975.
(pdftex.def)             Requested size: 469.75386pt x 325.2142pt.

Overfull \hbox (16.99884pt too wide) in paragraph at lines 1975--1976
[][] 
 []


Package xcolor Warning: Incompatible color definition on input line 1977.


Package xcolor Warning: Incompatible color definition on input line 1984.


Package xcolor Warning: Incompatible color definition on input line 1984.


Package xcolor Warning: Incompatible color definition on input line 1986.


Package xcolor Warning: Incompatible color definition on input line 2005.


Package xcolor Warning: Incompatible color definition on input line 2005.


Package xcolor Warning: Incompatible color definition on input line 2005.

[29 <./figs/skill-tuning.pdf>]

Package xcolor Warning: Incompatible color definition on input line 2005.


Package xcolor Warning: Incompatible color definition on input line 2005.

<figs/skill-lda-8-visual.pdf, id=119, 469.755pt x 325.215pt>
File: figs/skill-lda-8-visual.pdf Graphic file (type pdf)
<use figs/skill-lda-8-visual.pdf>
Package pdftex.def Info: figs/skill-lda-8-visual.pdf  used on input line 2007.
(pdftex.def)             Requested size: 469.75386pt x 325.2142pt.

Overfull \hbox (16.99884pt too wide) in paragraph at lines 2007--2008
[][] 
 []


Overfull \hbox (4.82368pt too wide) in paragraph at lines 2027--2033
\T1/ppl/m/n/10.95 work, sug-gest-ing a fo-cus on skills and knowl-edge re-lated to busi-ness op-er-a-tions and decision-
 []

[30 <./figs/skill-lda-8-visual.pdf>]

Package xcolor Warning: Incompatible color definition on input line 2062.


Package xcolor Warning: Incompatible color definition on input line 2083.


Package xcolor Warning: Incompatible color definition on input line 2083.


Overfull \hbox (5.46594pt too wide) in paragraph at lines 2085--2092
\T1/ppl/m/n/10.95 have ex-tracted the topic dis-tri-bu-tion for each en-try in the \T1/cmtt/m/n/10.95 skill \T1/ppl/m/n/10.95 dataframe. This re-sult-ing dataframe
 []


Package xcolor Warning: Incompatible color definition on input line 2093.


Package xcolor Warning: Incompatible color definition on input line 2116.


Package xcolor Warning: Incompatible color definition on input line 2116.


Package xcolor Warning: Incompatible color definition on input line 2116.

[31]

Package xcolor Warning: Incompatible color definition on input line 2116.


Package xcolor Warning: Incompatible color definition on input line 2116.


Package xcolor Warning: Incompatible color definition on input line 2165.

[32]

Package xcolor Warning: Incompatible color definition on input line 2178.


Package xcolor Warning: Incompatible color definition on input line 2178.

<figs/eda-industry-wordcloud.pdf, id=135, 469.755pt x 325.215pt>
File: figs/eda-industry-wordcloud.pdf Graphic file (type pdf)
<use figs/eda-industry-wordcloud.pdf>
Package pdftex.def Info: figs/eda-industry-wordcloud.pdf  used on input line 2180.
(pdftex.def)             Requested size: 469.75386pt x 325.2142pt.

Overfull \hbox (16.99884pt too wide) in paragraph at lines 2180--2181
[][] 
 []


Package xcolor Warning: Incompatible color definition on input line 2191.


Package xcolor Warning: Incompatible color definition on input line 2198.


Package xcolor Warning: Incompatible color definition on input line 2198.


Package xcolor Warning: Incompatible color definition on input line 2198.

[33 <./figs/eda-industry-wordcloud.pdf>]

Package xcolor Warning: Incompatible color definition on input line 2198.


Package xcolor Warning: Incompatible color definition on input line 2198.


Package xcolor Warning: Incompatible color definition on input line 2225.


Package xcolor Warning: Incompatible color definition on input line 2269.


Package xcolor Warning: Incompatible color definition on input line 2269.


Package xcolor Warning: Incompatible color definition on input line 2269.

[34]

Package xcolor Warning: Incompatible color definition on input line 2269.


Package xcolor Warning: Incompatible color definition on input line 2269.


Package xcolor Warning: Incompatible color definition on input line 2288.


Package xcolor Warning: Incompatible color definition on input line 2292.


Package xcolor Warning: Incompatible color definition on input line 2292.

[35]

Package xcolor Warning: Incompatible color definition on input line 2328.


Package xcolor Warning: Incompatible color definition on input line 2369.


Package xcolor Warning: Incompatible color definition on input line 2369.


Package xcolor Warning: Incompatible color definition on input line 2369.

[36]

Package xcolor Warning: Incompatible color definition on input line 2369.


Package xcolor Warning: Incompatible color definition on input line 2369.


Package xcolor Warning: Incompatible color definition on input line 2402.


Package xcolor Warning: Incompatible color definition on input line 2443.


Package xcolor Warning: Incompatible color definition on input line 2443.


Package xcolor Warning: Incompatible color definition on input line 2443.

[37]

Package xcolor Warning: Incompatible color definition on input line 2443.


Package xcolor Warning: Incompatible color definition on input line 2443.


Package xcolor Warning: Incompatible color definition on input line 2445.


Package xcolor Warning: Incompatible color definition on input line 2460.


Package xcolor Warning: Incompatible color definition on input line 2460.


Package xcolor Warning: Incompatible color definition on input line 2466.


Package xcolor Warning: Incompatible color definition on input line 2479.


Package xcolor Warning: Incompatible color definition on input line 2479.

[38]

Package xcolor Warning: Incompatible color definition on input line 2528.


Package xcolor Warning: Incompatible color definition on input line 2546.


Package xcolor Warning: Incompatible color definition on input line 2546.


Underfull \vbox (badness 1038) detected at line 2546
 []


Package xcolor Warning: Incompatible color definition on input line 2546.

[39]

Package xcolor Warning: Incompatible color definition on input line 2546.


Package xcolor Warning: Incompatible color definition on input line 2546.


Package xcolor Warning: Incompatible color definition on input line 2552.


Package xcolor Warning: Incompatible color definition on input line 2565.


Package xcolor Warning: Incompatible color definition on input line 2565.

[40]
Overfull \hbox (3.97989pt too wide) in paragraph at lines 2650--2656
[]\T1/ppl/m/n/10.95 Internship and Work-ing Stu-dent Po-si-tions: Sur-pris-ingly, in-di-vid-u-als with in-tern-ship or work-
 []

[41]

Package xcolor Warning: Incompatible color definition on input line 2667.


Package xcolor Warning: Incompatible color definition on input line 2795.


Package xcolor Warning: Incompatible color definition on input line 2795.


Package xcolor Warning: Incompatible color definition on input line 2795.

[42]

Package xcolor Warning: Incompatible color definition on input line 2795.


Package xcolor Warning: Incompatible color definition on input line 2795.


Underfull \vbox (badness 10000) detected at line 2795
 []


Underfull \vbox (badness 10000) detected at line 2795
 []


Package xcolor Warning: Incompatible color definition on input line 2795.

[43]

Package xcolor Warning: Incompatible color definition on input line 2795.


Package xcolor Warning: Incompatible color definition on input line 2795.

[44]

Package xcolor Warning: Incompatible color definition on input line 2810.


Package xcolor Warning: Incompatible color definition on input line 2819.


Package xcolor Warning: Incompatible color definition on input line 2819.


Package xcolor Warning: Incompatible color definition on input line 2859.


Package xcolor Warning: Incompatible color definition on input line 2870.


Package xcolor Warning: Incompatible color definition on input line 2870.


Package xcolor Warning: Incompatible color definition on input line 2870.

[45]

Package xcolor Warning: Incompatible color definition on input line 2870.


Package xcolor Warning: Incompatible color definition on input line 2870.

<figs/shap.pdf, id=183, 469.755pt x 325.215pt>
File: figs/shap.pdf Graphic file (type pdf)
<use figs/shap.pdf>
Package pdftex.def Info: figs/shap.pdf  used on input line 2872.
(pdftex.def)             Requested size: 469.75386pt x 325.2142pt.

Overfull \hbox (16.99884pt too wide) in paragraph at lines 2872--2873
[][] 
 []


Package xcolor Warning: Incompatible color definition on input line 2898.


Package xcolor Warning: Incompatible color definition on input line 2955.


Package xcolor Warning: Incompatible color definition on input line 2955.


Package xcolor Warning: Incompatible color definition on input line 2955.

[46 <./figs/shap.pdf>]

Package xcolor Warning: Incompatible color definition on input line 2955.


Package xcolor Warning: Incompatible color definition on input line 2955.


Underfull \vbox (badness 10000) detected at line 2955
 []


Underfull \vbox (badness 10000) detected at line 2955
 []


Package xcolor Warning: Incompatible color definition on input line 2955.

[47]

Package xcolor Warning: Incompatible color definition on input line 2955.


Package xcolor Warning: Incompatible color definition on input line 2955.


Package xcolor Warning: Incompatible color definition on input line 2963.


Package xcolor Warning: Incompatible color definition on input line 2971.


Package xcolor Warning: Incompatible color definition on input line 2971.

[48]

Package xcolor Warning: Incompatible color definition on input line 3014.


Package xcolor Warning: Incompatible color definition on input line 3033.


Package xcolor Warning: Incompatible color definition on input line 3033.

<figs/model-gender-barplot.pdf, id=203, 469.755pt x 325.215pt>
File: figs/model-gender-barplot.pdf Graphic file (type pdf)
<use figs/model-gender-barplot.pdf>
Package pdftex.def Info: figs/model-gender-barplot.pdf  used on input line 3035.
(pdftex.def)             Requested size: 469.75386pt x 325.2142pt.

Overfull \hbox (16.99884pt too wide) in paragraph at lines 3035--3036
[][] 
 []

[49 <./figs/model-gender-barplot.pdf>] [50] [51] [52] [53] (./assignment3_report_v2.aux)
 ***********
LaTeX2e <2023-06-01> patch level 1
L3 programming layer <2023-08-11>
 ***********
 ) 
Here is how much of TeX's memory you used:
 13527 strings out of 477148
 212281 string characters out of 5811539
 1934248 words of memory out of 5000000
 34310 multiletter control sequences out of 15000+600000
 579085 words of font info for 78 fonts, out of 8000000 for 9000
 14 hyphenation exceptions out of 8191
 75i,10n,79p,550b,580s stack positions out of 10000i,1000n,20000p,200000b,200000s
 <c:/Users/doduc/AppData/Roaming/TinyTeX/texmf-var/fonts/pk/ljfour/jknappen/ec/tctt1095.600pk> <c:/Users/doduc/AppData/Roaming/TinyTeX/texmf-var/fonts/pk/ljfour/jknappen/ec/ecit1095.600pk> <c:/Users/doduc/AppData/Roaming/TinyTeX/texmf-var/fonts/pk/ljfour/jknappen/ec/ectt1095.600pk><c:/Users/doduc/AppData/Roaming/TinyTeX/texmf-dist/fonts/type1/urw/helvetic/uhvb8a.pfb><c:/Users/doduc/AppData/Roaming/TinyTeX/texmf-dist/fonts/type1/urw/palatino/uplb8a.pfb><c:/Users/doduc/AppData/Roaming/TinyTeX/texmf-dist/fonts/type1/urw/palatino/uplr8a.pfb><c:/Users/doduc/AppData/Roaming/TinyTeX/texmf-dist/fonts/type1/urw/palatino/uplri8a.pfb>
Output written on assignment3_report_v2.pdf (53 pages, 4559540 bytes).
PDF statistics:
 420 PDF objects out of 1000 (max. 8388607)
 176 compressed objects within 2 object streams
 0 named destinations out of 1000 (max. 500000)
 36 words of extra memory for PDF output out of 10000 (max. 10000000)

